{
  "0 debug pnpm:scope": {
    "selected": 1,
    "workspacePrefix": "/Users/tantaman/workspace/aphrodite"
  },
  "1 error pnpm": {
    "errno": 1,
    "code": "ELIFECYCLE",
    "pkgid": "@aphro/schema-api@0.0.1",
    "stage": "test",
    "script": "node ./node_modules/jest/bin/jest.js",
    "pkgname": "@aphro/schema-api",
    "err": {
      "name": "pnpm",
      "message": "@aphro/schema-api@0.0.1 test: `node ./node_modules/jest/bin/jest.js`\nExit status 1",
      "code": "ELIFECYCLE",
      "stack": "pnpm: @aphro/schema-api@0.0.1 test: `node ./node_modules/jest/bin/jest.js`\nExit status 1\n    at EventEmitter.<anonymous> (/Users/tantaman/.nvm/versions/node/v17.5.0/pnpm-global/5/node_modules/.pnpm/pnpm@6.32.4/node_modules/pnpm/dist/pnpm.cjs:105736:20)\n    at EventEmitter.emit (node:events:526:28)\n    at ChildProcess.<anonymous> (/Users/tantaman/.nvm/versions/node/v17.5.0/pnpm-global/5/node_modules/.pnpm/pnpm@6.32.4/node_modules/pnpm/dist/pnpm.cjs:92297:18)\n    at ChildProcess.emit (node:events:526:28)\n    at maybeClose (node:internal/child_process:1090:16)\n    at Process.ChildProcess._handle.onexit (node:internal/child_process:302:5)"
    }
  },
  "2 warn pnpm:global": " Local package.json exists, but node_modules missing, did you mean to install?"
}